<?xml version="1.0" encoding="UTF-8"?>
<!-- Generated by org.testng.reporters.JUnitReportReporter -->
<testsuite hostname="DESKTOP-3EU10G0" failures="0" tests="1" name="testScripts.SecondTest" time="171.241" errors="0" timestamp="2023-02-28T13:18:32 IST" skipped="0">
  <testcase classname="testScripts.SecondTest" name="secondTest" time="171.241"/>
  <system-out/>
</testsuite> <!-- testScripts.SecondTest -->
