<?xml version="1.0" encoding="UTF-8"?>
<!-- Generated by org.testng.reporters.JUnitReportReporter -->
<testsuite hostname="DESKTOP-3EU10G0" failures="0" tests="1" name="testScripts.ThirdTest" time="149.881" errors="0" timestamp="2023-02-28T14:00:01 IST" skipped="0">
  <testcase classname="testScripts.ThirdTest" name="thirdTest" time="149.881"/>
  <system-out/>
</testsuite> <!-- testScripts.ThirdTest -->
